<?xml version="1.0" encoding="UTF-8"?>
<!-- Generated by org.testng.reporters.JUnitReportReporter -->
<testsuite hostname="RKGupta-OM-PC" failures="0" tests="2" name="com.rest.RequestSpecificationExample" time="5.247" errors="0" timestamp="2022-02-24T17:35:18 IST" skipped="0">
  <testcase classname="com.rest.RequestSpecificationExample" name="validate_response_body" time="3.168"/>
  <system-out/>
  <testcase classname="com.rest.RequestSpecificationExample" name="validate_status_code" time="2.079"/>
  <system-out/>
</testsuite> <!-- com.rest.RequestSpecificationExample -->
