<?xml version="1.0" encoding="UTF-8"?>
<!-- Generated by org.testng.reporters.JUnitReportReporter -->
<testsuite hostname="RKGupta-OM-PC" failures="0" tests="1" name="com.rest.AutomateGet" time="4.074" errors="0" timestamp="2022-02-23T19:31:53 IST" skipped="0">
  <testcase classname="com.rest.AutomateGet" name="extract_multi_value_response_header" time="4.074"/>
  <system-out/>
</testsuite> <!-- com.rest.AutomateGet -->
