<?xml version="1.0" encoding="UTF-8"?>
<!-- Generated by org.testng.reporters.JUnitReportReporter -->
<testsuite hostname="RKGupta-OM-PC" failures="0" tests="2" name="com.rest.RequestSpecBuilderExample" time="7.785" errors="0" timestamp="2022-02-24T20:01:54 IST" skipped="0">
  <testcase classname="com.rest.RequestSpecBuilderExample" name="validate_response_body" time="2.671"/>
  <system-out/>
  <testcase classname="com.rest.RequestSpecBuilderExample" name="validate_Status_code" time="5.114"/>
  <system-out/>
</testsuite> <!-- com.rest.RequestSpecBuilderExample -->
