<?xml version="1.0" encoding="UTF-8"?>
<!-- Generated by org.testng.reporters.JUnitReportReporter -->
<testsuite hostname="RKGupta-OM-PC" failures="0" tests="1" name="com.rest.TestRest" time="0.692" errors="0" timestamp="2022-02-21T19:25:38 IST" skipped="0">
  <testcase classname="com.rest.TestRest" name="test" time="0.692"/>
  <system-out/>
</testsuite> <!-- com.rest.TestRest -->
